Using pre-set license
Built from '2020.3/staging' branch; Version is '2020.3.10f1 (297d780c91bc) revision 2719096'; Using compiler version '192528614'; Build Type 'Release'
OS: 'Windows 10 Pro; OS build 19043.1348; Version 2009; 64bit' Language: 'en' Physical Memory: 32635 MB
BatchMode: 1, IsHumanControllingUs: 0, StartBugReporterOnCrash: 0, Is64bit: 1, IsPro: 0

 COMMAND LINE ARGUMENTS:
C:\Program Files\Unity\Hub\Editor\2020.3.10f1\Editor\Unity.exe
-adb2
-batchMode
-noUpm
-name
AssetImportWorker0
-projectPath
C:/Users/Ege/Desktop/Done/HC.R_Template - Christmas Runner
-logFile
Logs/AssetImportWorker0.log
-srvPort
61863
Successfully changed project path to: C:/Users/Ege/Desktop/Done/HC.R_Template - Christmas Runner
C:/Users/Ege/Desktop/Done/HC.R_Template - Christmas Runner
Using Asset Import Pipeline V2.
Refreshing native plugins compatible for Editor in 74.57 ms, found 5 plugins.
Preloading 0 native plugins for Editor in 0.00 ms.
Initialize engine version: 2020.3.10f1 (297d780c91bc)
[Subsystems] Discovering subsystems at path C:/Program Files/Unity/Hub/Editor/2020.3.10f1/Editor/Data/Resources/UnitySubsystems
[Subsystems] Discovering subsystems at path C:/Users/Ege/Desktop/Done/HC.R_Template - Christmas Runner/Assets
GfxDevice: creating device client; threaded=0
Direct3D:
    Version:  Direct3D 11.0 [level 11.1]
    Renderer: NVIDIA GeForce GTX 1650 Ti with Max-Q Design (ID=0x1f95)
    Vendor:   
    VRAM:     3962 MB
    Driver:   27.21.14.6230
Initialize mono
Mono path[0] = 'C:/Program Files/Unity/Hub/Editor/2020.3.10f1/Editor/Data/Managed'
Mono path[1] = 'C:/Program Files/Unity/Hub/Editor/2020.3.10f1/Editor/Data/MonoBleedingEdge/lib/mono/unityjit'
Mono config path = 'C:/Program Files/Unity/Hub/Editor/2020.3.10f1/Editor/Data/MonoBleedingEdge/etc'
Using monoOptions --debugger-agent=transport=dt_socket,embedding=1,server=y,suspend=n,address=127.0.0.1:56028
Begin MonoManager ReloadAssembly
Registering precompiled unity dll's ...
Register platform support module: C:/Program Files/Unity/Hub/Editor/2020.3.10f1/Editor/Data/PlaybackEngines/WebGLSupport/UnityEditor.WebGL.Extensions.dll
Register platform support module: C:/Program Files/Unity/Hub/Editor/2020.3.10f1/Editor/Data/PlaybackEngines/WindowsStandaloneSupport/UnityEditor.WindowsStandalone.Extensions.dll
Registered in 0.001737 seconds.
Native extension for WindowsStandalone target not found
Native extension for WebGL target not found
Refreshing native plugins compatible for Editor in 68.04 ms, found 5 plugins.
Preloading 0 native plugins for Editor in 0.00 ms.
Mono: successfully reloaded assembly
- Completed reload, in  1.895 seconds
Platform modules already initialized, skipping
Registering precompiled user dll's ...
Registered in 0.013284 seconds.
Begin MonoManager ReloadAssembly
Native extension for WindowsStandalone target not found
Native extension for WebGL target not found
Refreshing native plugins compatible for Editor in 66.39 ms, found 5 plugins.
Preloading 0 native plugins for Editor in 0.00 ms.
Mono: successfully reloaded assembly
- Completed reload, in  3.860 seconds
Platform modules already initialized, skipping
========================================================================
Worker process is ready to serve import requests
Launched and connected shader compiler UnityShaderCompiler.exe after 0.03 seconds
Refreshing native plugins compatible for Editor in 1.03 ms, found 5 plugins.
Preloading 0 native plugins for Editor in 0.00 ms.
Unloading 1975 Unused Serialized files (Serialized files now loaded: 0)
System memory in use before: 124.8 MB.
System memory in use after: 121.5 MB.

Unloading 80 unused Assets to reduce memory usage. Loaded Objects now: 2459.
Total: 23.955500 ms (FindLiveObjects: 0.310200 ms CreateObjectMapping: 0.091900 ms MarkObjects: 22.304100 ms  DeleteObjects: 1.248000 ms)

========================================================================
Received Import Request.
  path: Assets/_Materials&Textures/Icon.png
  artifactKey: Guid(d297b90b56fdb164ba4b5a79d1c70e4f) Importer(815301076,1909f56bfc062723c751e8b465ee728b)
Start importing Assets/_Materials&Textures/Icon.png using Guid(d297b90b56fdb164ba4b5a79d1c70e4f) Importer(815301076,1909f56bfc062723c751e8b465ee728b)  -> (artifact id: 'e0ed2e9674efeba5cd737639518686bd') in 0.094021 seconds
  Import took 0.097712 seconds .

========================================================================
Received Import Request.
  Time since last request: 0.034241 seconds.
  path: Assets/_Materials&Textures/Icon.png
  artifactKey: Guid(d297b90b56fdb164ba4b5a79d1c70e4f) Importer(815301076,1909f56bfc062723c751e8b465ee728b)
Start importing Assets/_Materials&Textures/Icon.png using Guid(d297b90b56fdb164ba4b5a79d1c70e4f) Importer(815301076,1909f56bfc062723c751e8b465ee728b)  -> (artifact id: 'e0ed2e9674efeba5cd737639518686bd') in 0.027665 seconds
  Import took 0.030985 seconds .

========================================================================
Received Import Request.
  Time since last request: 55.121566 seconds.
  path: Assets/2D Progress Bar Toolkit/Sprites/bar_01_animal/bar_01_animal.jpg
  artifactKey: Guid(0ed68da2929764a238bcd795fc45b11d) Importer(815301076,1909f56bfc062723c751e8b465ee728b)
Start importing Assets/2D Progress Bar Toolkit/Sprites/bar_01_animal/bar_01_animal.jpg using Guid(0ed68da2929764a238bcd795fc45b11d) Importer(815301076,1909f56bfc062723c751e8b465ee728b)  -> (artifact id: 'a889af657ff76301b3ff8b2548c838c6') in 0.097540 seconds
  Import took 0.101640 seconds .

========================================================================
Received Import Request.
  Time since last request: 0.000224 seconds.
  path: Assets/2D Progress Bar Toolkit/Sprites/bar_01_animal/bar_01_animal.psd
  artifactKey: Guid(209d4c18c748d4486a4077597649d683) Importer(815301076,1909f56bfc062723c751e8b465ee728b)
Start importing Assets/2D Progress Bar Toolkit/Sprites/bar_01_animal/bar_01_animal.psd using Guid(209d4c18c748d4486a4077597649d683) Importer(815301076,1909f56bfc062723c751e8b465ee728b)  -> (artifact id: '611f4e830dbe86b5a9174aed89b762e4') in 0.079661 seconds
  Import took 0.083196 seconds .

========================================================================
Received Prepare
Registering precompiled user dll's ...
Registered in 0.012861 seconds.
Begin MonoManager ReloadAssembly
Native extension for WindowsStandalone target not found
Native extension for WebGL target not found
Refreshing native plugins compatible for Editor in 1.58 ms, found 5 plugins.
Preloading 0 native plugins for Editor in 0.00 ms.
Mono: successfully reloaded assembly
- Completed reload, in  3.596 seconds
Platform modules already initialized, skipping
Switching build target platform(19) subTarget(0) extendedPlatform(0) -> platform(9) subTarget(16777218) extendedPlatform(0)
Refreshing native plugins compatible for Editor in 0.94 ms, found 5 plugins.
Preloading 0 native plugins for Editor in 0.00 ms.
Unloading 1876 Unused Serialized files (Serialized files now loaded: 0)
System memory in use before: 114.4 MB.
System memory in use after: 111.1 MB.

Unloading 75 unused Assets to reduce memory usage. Loaded Objects now: 2464.
Total: 22.435100 ms (FindLiveObjects: 0.189100 ms CreateObjectMapping: 0.067300 ms MarkObjects: 21.148800 ms  DeleteObjects: 1.028700 ms)

AssetImportParameters requested are different than current active one (requested -> active):
  custom:graphics/normal-map-encoding: 01000000000000000000000000000000 -> 02000000000000000000000000000000
========================================================================
Received Prepare
Registering precompiled user dll's ...
Registered in 0.011949 seconds.
Begin MonoManager ReloadAssembly
Native extension for WindowsStandalone target not found
Native extension for WebGL target not found
Refreshing native plugins compatible for Editor in 1.16 ms, found 5 plugins.
Preloading 0 native plugins for Editor in 0.00 ms.
Mono: successfully reloaded assembly
- Completed reload, in  3.683 seconds
Platform modules already initialized, skipping
Switching build target platform(19) subTarget(0) extendedPlatform(0) -> platform(9) subTarget(16777218) extendedPlatform(0)
Refreshing native plugins compatible for Editor in 1.08 ms, found 5 plugins.
Preloading 0 native plugins for Editor in 0.00 ms.
Unloading 1876 Unused Serialized files (Serialized files now loaded: 0)
System memory in use before: 114.4 MB.
System memory in use after: 111.1 MB.

Unloading 75 unused Assets to reduce memory usage. Loaded Objects now: 2467.
Total: 22.130500 ms (FindLiveObjects: 0.197400 ms CreateObjectMapping: 0.071700 ms MarkObjects: 20.756700 ms  DeleteObjects: 1.103500 ms)

AssetImportParameters requested are different than current active one (requested -> active):
  custom:graphics/normal-map-encoding: 01000000000000000000000000000000 -> 02000000000000000000000000000000
========================================================================
Received Import Request.
  Time since last request: 1542.222468 seconds.
  path: Assets/FacebookSDK/SDK/Resources/FacebookSettings.asset
  artifactKey: Guid(e4401a7f536f64149ab04761b268cada) Importer(815301076,1909f56bfc062723c751e8b465ee728b)
Start importing Assets/FacebookSDK/SDK/Resources/FacebookSettings.asset using Guid(e4401a7f536f64149ab04761b268cada) Importer(815301076,1909f56bfc062723c751e8b465ee728b)  -> (artifact id: 'bc1fc5ca9223772049740580c5b28fcc') in 0.036773 seconds
  Import took 0.040747 seconds .

========================================================================
Received Import Request.
  Time since last request: 22.953200 seconds.
  path: Assets/FacebookSDK/SDK/Resources/FacebookSettings.asset
  artifactKey: Guid(e4401a7f536f64149ab04761b268cada) Importer(815301076,1909f56bfc062723c751e8b465ee728b)
Start importing Assets/FacebookSDK/SDK/Resources/FacebookSettings.asset using Guid(e4401a7f536f64149ab04761b268cada) Importer(815301076,1909f56bfc062723c751e8b465ee728b)  -> (artifact id: 'd639445a153977b2ca340314a0d59dc0') in 0.002671 seconds
  Import took 0.005889 seconds .

========================================================================
Received Import Request.
  Time since last request: 437.439199 seconds.
  path: Assets/Resources/ElephantSettings.asset
  artifactKey: Guid(bf17b43cd94324caab778b050b52ee9f) Importer(815301076,1909f56bfc062723c751e8b465ee728b)
Start importing Assets/Resources/ElephantSettings.asset using Guid(bf17b43cd94324caab778b050b52ee9f) Importer(815301076,1909f56bfc062723c751e8b465ee728b)  -> (artifact id: '508941d0826e102e33fb28605124bd2c') in 0.006685 seconds
  Import took 0.010465 seconds .

AssetImportWorkerClient::OnTransportError - code=2 error=End of file
